<?xml version="1.0" encoding="UTF-8"?>
<!-- Generated by org.testng.reporters.JUnitReportReporter -->
<testsuite hostname="Happy" failures="0" tests="3" name="testcases.tc_accountregister" time="7.414" errors="0" timestamp="2024-12-28T00:13:53 IST" skipped="0">
  <testcase classname="testcases.tc_accountregister" name="account_register" time="2.194"/>
  <testcase classname="testcases.tc_accountregister" name="account_register" time="3.325"/>
  <testcase classname="testcases.tc_accountregister" name="account_register" time="1.895"/>
</testsuite> <!-- testcases.tc_accountregister -->
